<?xml version="1.0" encoding="UTF-8"?>
<testsuite xmlns:xsi="http://www.w3.org/2001/XMLSchema-instance" xsi:noNamespaceSchemaLocation="https://maven.apache.org/surefire/maven-surefire-plugin/xsd/surefire-test-report-3.0.xsd" version="3.0" name="com.example.test1.Test1Tests" time="1.684" tests="1" errors="0" skipped="0" failures="1">
  <properties>
[...]
</properties>
  <testcase name="testRunWithPrintOperation" classname="com.example.test1.Test1Tests" time="0.843">
    <failure message="expected: &lt;You need to specify operation&gt; but was: &lt;2024-10-01T17:11:41.612+02:00  INFO 21012 --- [           main] o.s.b.d.r.RestartApplicationListener     : Restart disabled due to context in which it is running&#10;&#10;  .   ____          _            __ _ _&#10; /\\ / ___&apos;_ __ _ _(_)_ __  __ _ \ \ \ \&#10;( ( )\___ | &apos;_ | &apos;_| | &apos;_ \/ _` | \ \ \ \&#10; \\/  ___)| |_)| | | | | || (_| |  ) ) ) )&#10;  &apos;  |____| .__|_| |_|_| |_\__, | / / / /&#10; =========|_|==============|___/=/_/_/_/&#10;&#10; :: Spring Boot ::                (v3.3.4)&#10;&#10;2024-10-01T17:11:41.631+02:00  INFO 21012 --- [           main] com.example.test1.Test1Application       : Starting Test1Application using Java 17.0.8 with PID 21012 (started by NIKITA in D:\Programing\Projects_Intelejii\workTest1\test1)&#10;2024-10-01T17:11:41.631+02:00  INFO 21012 --- [           main] com.example.test1.Test1Application       : No active profile set, falling back to 1 default profile: &quot;default&quot;&#10;2024-10-01T17:11:41.709+02:00  INFO 21012 --- [           main] com.example.test1.Test1Application       : Started Test1Application in 0.098 seconds (process running for 1.926)&#10;2024-10-01T17:11:41.811+02:00  INFO 21012 --- [           main] com.example.test1.Test1Application       : Reading file with path : project.json&#10;2024-10-01T17:11:41.823+02:00  INFO 21012 --- [           main] com.example.test1.Test1Application       : print operation is executed&#10;fruits&#10;..apple&#10;....green&#10;....red&#10;..pear&#10;....green&#10;....light green&#10;....dark green&#10;..lemon&#10;....yellow&#10;....green&#10;vegetables&#10;..carrot&#10;....orange&#10;....red&#10;..cabbage&#10;....green&#10;....dark green&#10;..leek&#10;....green&#10;....light green&gt;" type="org.opentest4j.AssertionFailedError"><![CDATA[org.opentest4j.AssertionFailedError: 
expected: <You need to specify operation> but was: <2024-10-01T17:11:41.612+02:00  INFO 21012 --- [           main] o.s.b.d.r.RestartApplicationListener     : Restart disabled due to context in which it is running

  .   ____          _            __ _ _
 /\\ / ___'_ __ _ _(_)_ __  __ _ \ \ \ \
( ( )\___ | '_ | '_| | '_ \/ _` | \ \ \ \
 \\/  ___)| |_)| | | | | || (_| |  ) ) ) )
  '  |____| .__|_| |_|_| |_\__, | / / / /
 =========|_|==============|___/=/_/_/_/

 :: Spring Boot ::                (v3.3.4)

2024-10-01T17:11:41.631+02:00  INFO 21012 --- [           main] com.example.test1.Test1Application       : Starting Test1Application using Java 17.0.8 with PID 21012 (started by NIKITA in D:\Programing\Projects_Intelejii\workTest1\test1)
2024-10-01T17:11:41.631+02:00  INFO 21012 --- [           main] com.example.test1.Test1Application       : No active profile set, falling back to 1 default profile: "default"
2024-10-01T17:11:41.709+02:00  INFO 21012 --- [           main] com.example.test1.Test1Application       : Started Test1Application in 0.098 seconds (process running for 1.926)
2024-10-01T17:11:41.811+02:00  INFO 21012 --- [           main] com.example.test1.Test1Application       : Reading file with path : project.json
2024-10-01T17:11:41.823+02:00  INFO 21012 --- [           main] com.example.test1.Test1Application       : print operation is executed
fruits
..apple
....green
....red
..pear
....green
....light green
....dark green
..lemon
....yellow
....green
vegetables
..carrot
....orange
....red
..cabbage
....green
....dark green
..leek
....green
....light green>
	at org.junit.jupiter.api.AssertionFailureBuilder.build(AssertionFailureBuilder.java:151)
	at org.junit.jupiter.api.AssertionFailureBuilder.buildAndThrow(AssertionFailureBuilder.java:132)
	at org.junit.jupiter.api.AssertEquals.failNotEqual(AssertEquals.java:197)
	at org.junit.jupiter.api.AssertEquals.assertEquals(AssertEquals.java:182)
	at org.junit.jupiter.api.AssertEquals.assertEquals(AssertEquals.java:177)
	at org.junit.jupiter.api.Assertions.assertEquals(Assertions.java:1145)
	at com.example.test1.Test1Tests.testRunWithPrintOperation(Test1Tests.java:31)
	at java.base/java.lang.reflect.Method.invoke(Method.java:568)
	at java.base/java.util.ArrayList.forEach(ArrayList.java:1511)
	at java.base/java.util.ArrayList.forEach(ArrayList.java:1511)
]]></failure>
    <system-out><![CDATA[17:11:40.268 [main] INFO org.springframework.test.context.support.AnnotationConfigContextLoaderUtils -- Could not detect default configuration classes for test class [com.example.test1.Test1Tests]: Test1Tests does not declare any static, non-private, non-final, nested classes annotated with @Configuration.
17:11:40.335 [main] INFO org.springframework.boot.test.context.SpringBootTestContextBootstrapper -- Found @SpringBootConfiguration com.example.test1.Test1Application for test class com.example.test1.Test1Tests
17:11:40.441 [main] INFO org.springframework.boot.devtools.restart.RestartApplicationListener -- Restart disabled due to context in which it is running

  .   ____          _            __ _ _
 /\\ / ___'_ __ _ _(_)_ __  __ _ \ \ \ \
( ( )\___ | '_ | '_| | '_ \/ _` | \ \ \ \
 \\/  ___)| |_)| | | | | || (_| |  ) ) ) )
  '  |____| .__|_| |_|_| |_\__, | / / / /
 =========|_|==============|___/=/_/_/_/

 :: Spring Boot ::                (v3.3.4)

2024-10-01T17:11:40.613+02:00  INFO 21012 --- [           main] com.example.test1.Test1Tests             : Starting Test1Tests using Java 17.0.8 with PID 21012 (started by NIKITA in D:\Programing\Projects_Intelejii\workTest1\test1)
2024-10-01T17:11:40.614+02:00  INFO 21012 --- [           main] com.example.test1.Test1Tests             : No active profile set, falling back to 1 default profile: "default"
2024-10-01T17:11:40.987+02:00  INFO 21012 --- [           main] com.example.test1.Test1Tests             : Started Test1Tests in 0.556 seconds (process running for 1.204)
You need to specify operation
]]></system-out>
  </testcase>
</testsuite>